INFO     [2022-01-20 15:59:17,751] [c3dac3b2c49e4dca9c2c2d1dcf3ee7c7] - Topup modul
INFO     [2022-01-20 15:59:17,758] [c3dac3b2c49e4dca9c2c2d1dcf3ee7c7] - Client IP : 127.0.0.1
INFO     [2022-01-20 15:59:17,759] [c3dac3b2c49e4dca9c2c2d1dcf3ee7c7] - Request : {'bank_from': '014', 'bank_to': '014', 'product': [{'tenant': 7, 'amount': 2132, 'price': 233}], 'user': 'MT9', 'mitra': 'MT9', 'topup_type': 'PRE', 'invoice': 'INV/422/I/2022'}
INFO     [2022-01-20 15:59:17,831] [c3dac3b2c49e4dca9c2c2d1dcf3ee7c7] - 9
INFO     [2022-01-20 15:59:17,902] [c3dac3b2c49e4dca9c2c2d1dcf3ee7c7] - Eeuser object (15155)
INFO     [2022-01-20 15:59:17,928] [c3dac3b2c49e4dca9c2c2d1dcf3ee7c7] - 1376200000000009
INFO     [2022-01-20 15:59:18,355] [c3dac3b2c49e4dca9c2c2d1dcf3ee7c7] - RESPONSE : {'status': '00', 'expired_date': datetime.datetime(2022, 1, 20, 20, 59, 18, 56854), 'virtual_account': '1376200000000009'}
INFO     [2022-01-20 16:01:03,842] [8f0a5fc9ecb5455996dc011f4ad8238f] - Topup modul
INFO     [2022-01-20 16:01:03,843] [8f0a5fc9ecb5455996dc011f4ad8238f] - Client IP : 127.0.0.1
INFO     [2022-01-20 16:01:03,844] [8f0a5fc9ecb5455996dc011f4ad8238f] - Request : {'bank_from': '014', 'bank_to': '014', 'product': [{'tenant': 7, 'amount': 2132, 'price': 233}], 'user': 'MT9', 'mitra': 'MT9', 'topup_type': 'PRE', 'invoice': 'INV/422/I/2022'}
INFO     [2022-01-20 16:01:03,978] [8f0a5fc9ecb5455996dc011f4ad8238f] - 9
INFO     [2022-01-20 16:01:04,561] [8f0a5fc9ecb5455996dc011f4ad8238f] - Eeuser object (15155)
INFO     [2022-01-20 16:01:04,587] [8f0a5fc9ecb5455996dc011f4ad8238f] - 1376200000000009
INFO     [2022-01-20 16:15:15,918] [30a7803ecca741a9a7012ab8e0c48a44] - Topup modul
INFO     [2022-01-20 16:15:15,920] [30a7803ecca741a9a7012ab8e0c48a44] - Client IP : 127.0.0.1
INFO     [2022-01-20 16:15:15,920] [30a7803ecca741a9a7012ab8e0c48a44] - Request : {'bank_from': '014', 'bank_to': '014', 'product': [{'tenant': 7, 'amount': 2132, 'price': 233}], 'user': 'MT9', 'mitra': 'MT9', 'topup_type': 'PRE', 'invoice': 'PFI/427/I/2022'}
INFO     [2022-01-20 16:15:15,944] [30a7803ecca741a9a7012ab8e0c48a44] - 9
INFO     [2022-01-20 16:15:15,993] [30a7803ecca741a9a7012ab8e0c48a44] - Eeuser object (15155)
INFO     [2022-01-20 16:15:16,031] [30a7803ecca741a9a7012ab8e0c48a44] - 1376200000000009
INFO     [2022-01-20 16:16:21,748] [c094d185cf5f48a3876b02e4d50f506d] - Topup modul
INFO     [2022-01-20 16:16:21,749] [c094d185cf5f48a3876b02e4d50f506d] - Client IP : 127.0.0.1
INFO     [2022-01-20 16:16:21,750] [c094d185cf5f48a3876b02e4d50f506d] - Request : {'bank_from': '014', 'bank_to': '014', 'product': [{'tenant': 7, 'amount': 2132, 'price': 233}], 'user': 'MT9', 'mitra': 'MT9', 'topup_type': 'PRE', 'invoice': 'PFI/427/I/2022'}
INFO     [2022-01-20 16:16:21,776] [c094d185cf5f48a3876b02e4d50f506d] - 9
INFO     [2022-01-20 16:16:21,823] [c094d185cf5f48a3876b02e4d50f506d] - Eeuser object (15155)
INFO     [2022-01-20 16:16:21,847] [c094d185cf5f48a3876b02e4d50f506d] - 1376200000000009
INFO     [2022-01-20 16:16:21,909] [c094d185cf5f48a3876b02e4d50f506d] - RESPONSE : {'status': '00', 'expired_date': datetime.datetime(2022, 1, 20, 21, 16, 21, 863164), 'virtual_account': '1376200000000009'}
INFO     [2022-01-20 16:17:43,744] [8facfd17d73040428017a53f156c2b80] - Topup modul
INFO     [2022-01-20 16:17:43,745] [8facfd17d73040428017a53f156c2b80] - Client IP : 127.0.0.1
INFO     [2022-01-20 16:17:43,746] [8facfd17d73040428017a53f156c2b80] - Request : {'bank_from': '014', 'bank_to': '014', 'product': [{'tenant': 7, 'amount': 2132, 'price': 233}], 'user': 'MT9', 'mitra': 'MT9', 'topup_type': 'PRE', 'invoice': 'PFI/427/I/2022'}
INFO     [2022-01-20 16:17:43,769] [8facfd17d73040428017a53f156c2b80] - 9
INFO     [2022-01-20 16:17:43,805] [8facfd17d73040428017a53f156c2b80] - Eeuser object (15155)
INFO     [2022-01-20 16:17:43,824] [8facfd17d73040428017a53f156c2b80] - 1376200000000009
INFO     [2022-01-20 16:18:08,984] [93eb316a28e24a499c7bd3ddf1e89968] - Topup modul
INFO     [2022-01-20 16:18:08,985] [93eb316a28e24a499c7bd3ddf1e89968] - Client IP : 127.0.0.1
INFO     [2022-01-20 16:18:08,986] [93eb316a28e24a499c7bd3ddf1e89968] - Request : {'bank_from': '014', 'bank_to': '014', 'product': [{'tenant': 7, 'amount': 2132, 'price': 233}], 'user': 'MT9', 'mitra': 'MT9', 'topup_type': 'PRE', 'invoice': 'PFI/427/I/2022'}
INFO     [2022-01-20 16:18:09,012] [93eb316a28e24a499c7bd3ddf1e89968] - 9
INFO     [2022-01-20 16:18:09,058] [93eb316a28e24a499c7bd3ddf1e89968] - Eeuser object (15155)
INFO     [2022-01-20 16:18:09,078] [93eb316a28e24a499c7bd3ddf1e89968] - 1376200000000009
INFO     [2022-01-20 16:18:09,174] [93eb316a28e24a499c7bd3ddf1e89968] - RESPONSE : {'status': '00', 'expired_date': datetime.datetime(2022, 1, 20, 21, 18, 9, 98073), 'virtual_account': '1376200000000009'}
INFO     [2022-01-20 16:19:28,391] [114f46320bf34167b6643fc68415f8cb] - Topup modul
INFO     [2022-01-20 16:19:28,392] [114f46320bf34167b6643fc68415f8cb] - Client IP : 127.0.0.1
INFO     [2022-01-20 16:19:28,393] [114f46320bf34167b6643fc68415f8cb] - Request : {'bank_from': '014', 'bank_to': '014', 'product': [{'tenant': 7, 'amount': 2132, 'price': 233}], 'user': 'MT9', 'mitra': 'MT9', 'topup_type': 'PRE', 'invoice': 'PFI/427/I/2022'}
INFO     [2022-01-20 16:19:28,424] [114f46320bf34167b6643fc68415f8cb] - 9
INFO     [2022-01-20 16:19:28,472] [114f46320bf34167b6643fc68415f8cb] - Eeuser object (15155)
INFO     [2022-01-20 16:19:28,501] [114f46320bf34167b6643fc68415f8cb] - 1376200000000009
INFO     [2022-01-20 16:19:45,363] [4b483b5de13544bea0422c85f575ea2e] - Topup modul
INFO     [2022-01-20 16:19:45,364] [4b483b5de13544bea0422c85f575ea2e] - Client IP : 127.0.0.1
INFO     [2022-01-20 16:19:45,365] [4b483b5de13544bea0422c85f575ea2e] - Request : {'bank_from': '014', 'bank_to': '014', 'product': [{'tenant': 7, 'amount': 2132, 'price': 233}], 'user': 'MT9', 'mitra': 'MT9', 'topup_type': 'PRE', 'invoice': 'PFI/427/I/2022'}
INFO     [2022-01-20 16:19:45,397] [4b483b5de13544bea0422c85f575ea2e] - 9
INFO     [2022-01-20 16:19:45,446] [4b483b5de13544bea0422c85f575ea2e] - Eeuser object (15155)
INFO     [2022-01-20 16:19:45,483] [4b483b5de13544bea0422c85f575ea2e] - 1376200000000009
INFO     [2022-01-20 16:19:45,546] [4b483b5de13544bea0422c85f575ea2e] - RESPONSE : {'status': '00', 'expired_date': datetime.datetime(2022, 1, 20, 21, 19, 45, 505500), 'virtual_account': '1376200000000009'}
INFO     [2022-01-20 16:30:24,632] [d2faef87f25b4905b45ef42c152d51c8] - Topup modul
INFO     [2022-01-20 16:30:24,633] [d2faef87f25b4905b45ef42c152d51c8] - Client IP : 127.0.0.1
INFO     [2022-01-20 16:30:24,634] [d2faef87f25b4905b45ef42c152d51c8] - Request : {'bank_from': '014', 'bank_to': '014', 'product': [{'tenant': 7, 'amount': 2132, 'price': 233}], 'user': 'MT9', 'mitra': 'MT9', 'topup_type': 'PRE', 'invoice': 'PFI/429/I/2022'}
INFO     [2022-01-20 16:30:24,656] [d2faef87f25b4905b45ef42c152d51c8] - 9
INFO     [2022-01-20 16:30:24,700] [d2faef87f25b4905b45ef42c152d51c8] - Eeuser object (15155)
INFO     [2022-01-20 16:30:24,718] [d2faef87f25b4905b45ef42c152d51c8] - 1376200000000009
INFO     [2022-01-20 16:30:24,781] [d2faef87f25b4905b45ef42c152d51c8] - RESPONSE : {'status': '00', 'expired_date': datetime.datetime(2022, 1, 20, 21, 30, 24, 735121), 'virtual_account': '1376200000000009'}
INFO     [2022-01-20 16:49:06,858] [2c941f78cce84d1f964d9629a5e18f3d] - Topup modul
INFO     [2022-01-20 16:49:06,859] [2c941f78cce84d1f964d9629a5e18f3d] - Client IP : 127.0.0.1
INFO     [2022-01-20 16:49:06,860] [2c941f78cce84d1f964d9629a5e18f3d] - Request : {'bank_from': '014', 'bank_to': '014', 'product': [{'tenant': 7, 'amount': 2132, 'price': 233}], 'user': 'MT9', 'mitra': 'MT9', 'topup_type': 'PRE', 'invoice': 'PFI/430/I/2022'}
INFO     [2022-01-20 16:49:06,896] [2c941f78cce84d1f964d9629a5e18f3d] - 9
INFO     [2022-01-20 16:49:06,985] [2c941f78cce84d1f964d9629a5e18f3d] - Eeuser object (15155)
INFO     [2022-01-20 16:49:07,003] [2c941f78cce84d1f964d9629a5e18f3d] - 1376200000000009
